[25-Jul-2025 17:45:28 Europe/Berlin] Received login request data: Array
(
    [email] => reenaopheliaangeles5@gmail.com
    [password] => konceptoadmin
)

[25-Jul-2025 17:45:28 Europe/Berlin] Login successful for email: reenaopheliaangeles5@gmail.com
[25-Jul-2025 17:48:17 Europe/Berlin] Received login request data: Array
(
    [email] => reenaopheliaangeles5@gmail.com
    [password] => konceptoadmin
)

[25-Jul-2025 17:48:17 Europe/Berlin] Login successful for email: reenaopheliaangeles5@gmail.com
[25-Jul-2025 17:50:14 Europe/Berlin] Received login request data: Array
(
    [email] => reenaopheliaangeles5@gmail.com
    [password] => konceptoadmin
)

[25-Jul-2025 17:50:15 Europe/Berlin] Login successful for email: reenaopheliaangeles5@gmail.com
[25-Jul-2025 17:52:24 Europe/Berlin] Received login request data: Array
(
    [email] => reenaopheliaangeles5@gmail.com
    [password] => konceptoadmin
)

[25-Jul-2025 17:52:24 Europe/Berlin] Login successful for email: reenaopheliaangeles5@gmail.com
[25-Jul-2025 18:06:47 Europe/Berlin] Received login request data: Array
(
    [email] => reenaopheliaangeles5@.com
    [password] => konceptoadmin
)

[25-Jul-2025 18:06:47 Europe/Berlin] Unauthorized or email not found: reenaopheliaangeles5@.com
[25-Jul-2025 18:07:13 Europe/Berlin] Received login request data: Array
(
    [email] => reenaopheliaangeles5@.com
    [password] => konceptoadmin
)

[25-Jul-2025 18:07:13 Europe/Berlin] Unauthorized or email not found: reenaopheliaangeles5@.com
[25-Jul-2025 18:09:38 Europe/Berlin] Received login request data: Array
(
    [email] => reenaopheliaangeles5@gmail.com
    [password] => konceptoadmin
)

[25-Jul-2025 18:09:38 Europe/Berlin] Login successful for email: reenaopheliaangeles5@gmail.com
---[25-Jul-2025 18:11:30 Europe/Berlin] Received login request data: 
[25-Jul-2025 18:11:30 Europe/Berlin] Missing email or password
[26-Jul-2025 09:24:17 Europe/Berlin] Received login request data: Array
(
    [email] => reenaopheliaangeles5@gmail.com
    [password] => KonceptoAdmin
)

[26-Jul-2025 09:24:17 Europe/Berlin] Incorrect password for email: reenaopheliaangeles5@gmail.com
[26-Jul-2025 09:24:26 Europe/Berlin] Received login request data: Array
(
    [email] => reenaopheliaangeles5@gmail.com
    [password] => konceptoadmin
)

[26-Jul-2025 09:24:27 Europe/Berlin] Login successful for email: reenaopheliaangeles5@gmail.com
[26-Jul-2025 09:29:05 Europe/Berlin] Received login request data: Array
(
    [email] => riveraarnel556@gmail.com
    [password] => konceptoadmin
)

[26-Jul-2025 09:29:05 Europe/Berlin] Unauthorized or email not found: riveraarnel556@gmail.com
[26-Jul-2025 09:29:24 Europe/Berlin] Received login request data: Array
(
    [email] => reenaopheliaangeles5@gmail.com
    [password] => konceptoadmin
)

[26-Jul-2025 09:29:25 Europe/Berlin] Login successful for email: reenaopheliaangeles5@gmail.com
[26-Jul-2025 09:37:17 Europe/Berlin] Received login request data: Array
(
    [email] => reenaopheliaangeles5@gmail.com
    [password] => konceptoadmin
)

[26-Jul-2025 09:37:17 Europe/Berlin] Login successful for email: reenaopheliaangeles5@gmail.com
[26-Jul-2025 09:38:02 Europe/Berlin] Received login request data: Array
(
    [email] => reenaopheliaangeles5@gmail.com
    [password] => konceptoadmin
)

[26-Jul-2025 09:38:03 Europe/Berlin] Login successful for email: reenaopheliaangeles5@gmail.com
[26-Jul-2025 10:11:35 Europe/Berlin] Received login request data: Array
(
    [email] => reenaopheliaangeles5@gmail.com
    [password] => konceptoadmin
)

[26-Jul-2025 10:11:35 Europe/Berlin] Login successful for email: reenaopheliaangeles5@gmail.com
[26-Jul-2025 11:23:52 Europe/Berlin] Received login request data: Array
(
    [email] => reenaopheliaangeles5@gmail.com
    [password] => konceptoadamin
)

[26-Jul-2025 11:23:52 Europe/Berlin] Incorrect password for email: reenaopheliaangeles5@gmail.com
[26-Jul-2025 11:23:59 Europe/Berlin] Received login request data: Array
(
    [email] => reenaopheliaangeles5@gmail.com
    [password] => konceptoadmin
)

[26-Jul-2025 11:23:59 Europe/Berlin] Login successful for email: reenaopheliaangeles5@gmail.com
[27-Jul-2025 18:29:40 Europe/Berlin] Received login request data: Array
(
    [email] => reenaopheliaangeles5@gmail.com
    [password] => konceptoadmin
)

[27-Jul-2025 18:29:40 Europe/Berlin] Login successful for email: reenaopheliaangeles5@gmail.com
[28-Jul-2025 18:06:11 Europe/Berlin] Received login request data: 
[28-Jul-2025 18:06:11 Europe/Berlin] Missing email or password
